
=== Tue Oct 10 23:31:32 2023

Packages were changed.
Update Mode: updateDependencies

The following packages were added:
  com.unity.ai.navigation@1.1.4
The following packages were updated:
  com.unity.ide.rider from version 3.0.16 to 3.0.24
  com.unity.visualscripting from version 1.7.8 to 1.9.0
  com.unity.xr.arcore from version 4.2.7 to 5.0.7
  com.unity.xr.arfoundation from version 4.2.7 to 5.0.7
  com.unity.xr.arkit from version 4.2.7 to 5.0.7
  com.unity.xr.arkit-face-tracking from version 4.2.7 to 5.0.2

=== Sun Oct 15 12:45:25 2023

Packages were changed.
Update Mode: updateDependencies

The following packages were added:
  com.unity.ai.navigation@1.1.4
The following packages were updated:
  com.unity.ide.rider from version 3.0.16 to 3.0.24
  com.unity.visualscripting from version 1.7.8 to 1.9.0
  com.unity.xr.arcore from version 4.2.7 to 5.0.7
  com.unity.xr.arfoundation from version 4.2.7 to 5.0.7
  com.unity.xr.arkit from version 4.2.7 to 5.0.7
  com.unity.xr.arkit-face-tracking from version 4.2.7 to 5.0.2
